Determining if the pthread_create exist failed with the following output:
Change Dir: /home/ubuntu/catkin_ws/src/ORB_SLAM2_hh1/Examples/ROS/ORB_SLAM21_mod1/build/CMakeFiles/CMakeTmp

Run Build Command:"/usr/bin/make" "cmTC_1c557/fast"
/usr/bin/make -f CMakeFiles/cmTC_1c557.dir/build.make CMakeFiles/cmTC_1c557.dir/build
make[1]: 进入目录“/home/ubuntu/catkin_ws/src/ORB_SLAM2_hh1/Examples/ROS/ORB_SLAM21_mod1/build/CMakeFiles/CMakeTmp”
Building C object CMakeFiles/cmTC_1c557.dir/CheckSymbolExists.c.o
/usr/bin/cc    -o CMakeFiles/cmTC_1c557.dir/CheckSymbolExists.c.o   -c /home/ubuntu/catkin_ws/src/ORB_SLAM2_hh1/Examples/ROS/ORB_SLAM21_mod1/build/CMakeFiles/CMakeTmp/CheckSymbolExists.c
Linking C executable cmTC_1c557
/usr/bin/cmake -E cmake_link_script CMakeFiles/cmTC_1c557.dir/link.txt --verbose=1
/usr/bin/cc      -rdynamic CMakeFiles/cmTC_1c557.dir/CheckSymbolExists.c.o  -o cmTC_1c557 
CMakeFiles/cmTC_1c557.dir/CheckSymbolExists.c.o：在函数‘main’中：
CheckSymbolExists.c:(.text+0x1b)：对‘pthread_create’未定义的引用
collect2: error: ld returned 1 exit status
CMakeFiles/cmTC_1c557.dir/build.make:97: recipe for target 'cmTC_1c557' failed
make[1]: *** [cmTC_1c557] Error 1
make[1]: 离开目录“/home/ubuntu/catkin_ws/src/ORB_SLAM2_hh1/Examples/ROS/ORB_SLAM21_mod1/build/CMakeFiles/CMakeTmp”
Makefile:126: recipe for target 'cmTC_1c557/fast' failed
make: *** [cmTC_1c557/fast] Error 2

File /home/ubuntu/catkin_ws/src/ORB_SLAM2_hh1/Examples/ROS/ORB_SLAM21_mod1/build/CMakeFiles/CMakeTmp/CheckSymbolExists.c:
/* */
#include <pthread.h>

int main(int argc, char** argv)
{
  (void)argv;
#ifndef pthread_create
  return ((int*)(&pthread_create))[argc];
#else
  (void)argc;
  return 0;
#endif
}

Determining if the function pthread_create exists in the pthreads failed with the following output:
Change Dir: /home/ubuntu/catkin_ws/src/ORB_SLAM2_hh1/Examples/ROS/ORB_SLAM21_mod1/build/CMakeFiles/CMakeTmp

Run Build Command:"/usr/bin/make" "cmTC_eccfa/fast"
/usr/bin/make -f CMakeFiles/cmTC_eccfa.dir/build.make CMakeFiles/cmTC_eccfa.dir/build
make[1]: 进入目录“/home/ubuntu/catkin_ws/src/ORB_SLAM2_hh1/Examples/ROS/ORB_SLAM21_mod1/build/CMakeFiles/CMakeTmp”
Building C object CMakeFiles/cmTC_eccfa.dir/CheckFunctionExists.c.o
/usr/bin/cc   -DCHECK_FUNCTION_EXISTS=pthread_create   -o CMakeFiles/cmTC_eccfa.dir/CheckFunctionExists.c.o   -c /usr/share/cmake-3.10/Modules/CheckFunctionExists.c
Linking C executable cmTC_eccfa
/usr/bin/cmake -E cmake_link_script CMakeFiles/cmTC_eccfa.dir/link.txt --verbose=1
/usr/bin/cc  -DCHECK_FUNCTION_EXISTS=pthread_create    -rdynamic CMakeFiles/cmTC_eccfa.dir/CheckFunctionExists.c.o  -o cmTC_eccfa -lpthreads 
/usr/bin/ld: 找不到 -lpthreads
collect2: error: ld returned 1 exit status
CMakeFiles/cmTC_eccfa.dir/build.make:97: recipe for target 'cmTC_eccfa' failed
make[1]: *** [cmTC_eccfa] Error 1
make[1]: 离开目录“/home/ubuntu/catkin_ws/src/ORB_SLAM2_hh1/Examples/ROS/ORB_SLAM21_mod1/build/CMakeFiles/CMakeTmp”
Makefile:126: recipe for target 'cmTC_eccfa/fast' failed
make: *** [cmTC_eccfa/fast] Error 2


