Determining if the pthread_create exist failed with the following output:
Change Dir: /home/ubuntu/catkin_ws/src/ORB_SLAM2_hh/Examples/ROS/ORB_SLAM21/build/CMakeFiles/CMakeTmp

Run Build Command:"/usr/bin/make" "cmTC_694ea/fast"
/usr/bin/make -f CMakeFiles/cmTC_694ea.dir/build.make CMakeFiles/cmTC_694ea.dir/build
make[1]: 进入目录“/home/ubuntu/catkin_ws/src/ORB_SLAM2_hh/Examples/ROS/ORB_SLAM21/build/CMakeFiles/CMakeTmp”
Building C object CMakeFiles/cmTC_694ea.dir/CheckSymbolExists.c.o
/usr/bin/cc    -o CMakeFiles/cmTC_694ea.dir/CheckSymbolExists.c.o   -c /home/ubuntu/catkin_ws/src/ORB_SLAM2_hh/Examples/ROS/ORB_SLAM21/build/CMakeFiles/CMakeTmp/CheckSymbolExists.c
Linking C executable cmTC_694ea
/usr/bin/cmake -E cmake_link_script CMakeFiles/cmTC_694ea.dir/link.txt --verbose=1
/usr/bin/cc      -rdynamic CMakeFiles/cmTC_694ea.dir/CheckSymbolExists.c.o  -o cmTC_694ea 
CMakeFiles/cmTC_694ea.dir/CheckSymbolExists.c.o：在函数‘main’中：
CheckSymbolExists.c:(.text+0x1b)：对‘pthread_create’未定义的引用
collect2: error: ld returned 1 exit status
CMakeFiles/cmTC_694ea.dir/build.make:97: recipe for target 'cmTC_694ea' failed
make[1]: *** [cmTC_694ea] Error 1
make[1]: 离开目录“/home/ubuntu/catkin_ws/src/ORB_SLAM2_hh/Examples/ROS/ORB_SLAM21/build/CMakeFiles/CMakeTmp”
Makefile:126: recipe for target 'cmTC_694ea/fast' failed
make: *** [cmTC_694ea/fast] Error 2

File /home/ubuntu/catkin_ws/src/ORB_SLAM2_hh/Examples/ROS/ORB_SLAM21/build/CMakeFiles/CMakeTmp/CheckSymbolExists.c:
/* */
#include <pthread.h>

int main(int argc, char** argv)
{
  (void)argv;
#ifndef pthread_create
  return ((int*)(&pthread_create))[argc];
#else
  (void)argc;
  return 0;
#endif
}

Determining if the function pthread_create exists in the pthreads failed with the following output:
Change Dir: /home/ubuntu/catkin_ws/src/ORB_SLAM2_hh/Examples/ROS/ORB_SLAM21/build/CMakeFiles/CMakeTmp

Run Build Command:"/usr/bin/make" "cmTC_625ee/fast"
/usr/bin/make -f CMakeFiles/cmTC_625ee.dir/build.make CMakeFiles/cmTC_625ee.dir/build
make[1]: 进入目录“/home/ubuntu/catkin_ws/src/ORB_SLAM2_hh/Examples/ROS/ORB_SLAM21/build/CMakeFiles/CMakeTmp”
Building C object CMakeFiles/cmTC_625ee.dir/CheckFunctionExists.c.o
/usr/bin/cc   -DCHECK_FUNCTION_EXISTS=pthread_create   -o CMakeFiles/cmTC_625ee.dir/CheckFunctionExists.c.o   -c /usr/share/cmake-3.10/Modules/CheckFunctionExists.c
Linking C executable cmTC_625ee
/usr/bin/cmake -E cmake_link_script CMakeFiles/cmTC_625ee.dir/link.txt --verbose=1
/usr/bin/cc  -DCHECK_FUNCTION_EXISTS=pthread_create    -rdynamic CMakeFiles/cmTC_625ee.dir/CheckFunctionExists.c.o  -o cmTC_625ee -lpthreads 
/usr/bin/ld: 找不到 -lpthreads
collect2: error: ld returned 1 exit status
CMakeFiles/cmTC_625ee.dir/build.make:97: recipe for target 'cmTC_625ee' failed
make[1]: *** [cmTC_625ee] Error 1
make[1]: 离开目录“/home/ubuntu/catkin_ws/src/ORB_SLAM2_hh/Examples/ROS/ORB_SLAM21/build/CMakeFiles/CMakeTmp”
Makefile:126: recipe for target 'cmTC_625ee/fast' failed
make: *** [cmTC_625ee/fast] Error 2


